#
# A fatal error has been detected by the Java Runtime Environment:
#
#  EXCEPTION_ACCESS_VIOLATION (0xc0000005) at pc=0x00007ff84a5e7ed4, pid=10356, tid=20472
#
# JRE version: OpenJDK Runtime Environment Temurin-21.0.7+6 (21.0.7+6) (build 21.0.7+6-LTS)
# Java VM: OpenJDK 64-Bit Server VM Temurin-21.0.7+6 (21.0.7+6-LTS, mixed mode, sharing, tiered, compressed oops, compressed class ptrs, parallel gc, windows-amd64)
# Problematic frame:
# V  [jvm.dll+0x6d7ed4]
#
# No core dump will be written. Minidumps are not enabled by default on client versions of Windows
#
# If you would like to submit a bug report, please visit:
#   https://github.com/adoptium/adoptium-support/issues
#

---------------  S U M M A R Y ------------

Command Line: --add-modules=ALL-SYSTEM --add-opens=java.base/java.util=ALL-UNNAMED --add-opens=java.base/java.lang=ALL-UNNAMED --add-opens=java.base/sun.nio.fs=ALL-UNNAMED -Declipse.application=org.eclipse.jdt.ls.core.id1 -Dosgi.bundles.defaultStartLevel=4 -Declipse.product=org.eclipse.jdt.ls.core.product -Djava.import.generatesMetadataFilesAtProjectRoot=false -DDetectVMInstallationsJob.disabled=true -Dfile.encoding=utf8 -XX:+UseParallelGC -XX:GCTimeRatio=4 -XX:AdaptiveSizePolicyWeight=90 -Dsun.zip.disableMemoryMapping=true -Xmx1G -Xms100m -Xlog:disable -javaagent:c:\Users\Admin\.vscode\extensions\redhat.java-1.42.0-win32-x64\lombok\lombok-1.18.36.jar -XX:+HeapDumpOnOutOfMemoryError -XX:HeapDumpPath=c:\Users\Admin\AppData\Roaming\Code\User\workspaceStorage\6e10f92b730de6d10a0a96ad261c96c8\redhat.java -Daether.dependencyCollector.impl=bf c:\Users\Admin\.vscode\extensions\redhat.java-1.42.0-win32-x64\server\plugins\org.eclipse.equinox.launcher_1.7.0.v20250424-1814.jar -configuration c:\Users\Admin\AppData\Roaming\Code\User\globalStorage\redhat.java\1.42.0\config_win -data c:\Users\Admin\AppData\Roaming\Code\User\workspaceStorage\6e10f92b730de6d10a0a96ad261c96c8\redhat.java\jdt_ws --pipe=\\.\pipe\lsp-1ca25142c1a77fc4afa23c736137ed2f-sock

Host: Intel(R) Core(TM) i5-8250U CPU @ 1.60GHz, 8 cores, 15G,  Windows 11 , 64 bit Build 26100 (10.0.26100.3912)
Time: Mon Jun 16 09:06:57 2025 India Standard Time elapsed time: 48177.279397 seconds (0d 13h 22m 57s)

---------------  T H R E A D  ---------------

Current thread (0x000001c7f738c1f0):  WorkerThread "GC Thread#0"    [id=20472, stack(0x0000001068000000,0x0000001068100000) (1024K)]

Stack: [0x0000001068000000,0x0000001068100000],  sp=0x00000010680ffa40,  free space=1022k
Native frames: (J=compiled Java code, j=interpreted, Vv=VM code, C=native code)
V  [jvm.dll+0x6d7ed4]
V  [jvm.dll+0x6d879e]
V  [jvm.dll+0x703233]
V  [jvm.dll+0x702928]
V  [jvm.dll+0x7099cb]
V  [jvm.dll+0x70a80c]
V  [jvm.dll+0x8d6377]
V  [jvm.dll+0x851f6b]
V  [jvm.dll+0x6cc7dd]
C  [ucrtbase.dll+0x37b0]
C  [KERNEL32.DLL+0x2e8d7]
C  [ntdll.dll+0x9c5dc]


siginfo: EXCEPTION_ACCESS_VIOLATION (0xc0000005), reading address 0xffffffffffffffff


Registers:
RAX=0x1ffffffff8f6cc15, RBX=0x0000000087b664a8, RCX=0x0000000000000015, RDX=0x000001c7fa560000
RSP=0x00000010680ffa40, RBP=0x00000010680ffaf0, RSI=0x00000000c7b664a8, RDI=0x000001c7fc6df2e0
R8 =0x007fffffffe3db32, R9 =0x0000000000000002, R10=0x000000000000003f, R11=0x0000000000000004
R12=0x00007ff84ab48140, R13=0x00000010682fe790, R14=0x000001c7905f4630, R15=0x00000000c7b66490
RIP=0x00007ff84a5e7ed4, EFLAGS=0x0000000000010202

XMM[0]=0x0000000000003800 0x00000000c98825c8
XMM[1]=0x0000000000000000 0x0000001067eff700
XMM[2]=0x0000000000000000 0x0000000000000000
XMM[3]=0x0000000000000000 0x0000000000000000
XMM[4]=0x0000000000000000 0x0000000000000000
XMM[5]=0x0000000000000000 0x0000000000000000
XMM[6]=0x0000000000000000 0x0000000000000000
XMM[7]=0x0000000000000000 0x0000000000000000
XMM[8]=0x0000000000000000 0x0000000000000000
XMM[9]=0x0000000000000000 0x0000000000000000
XMM[10]=0x0000000000000000 0x0000000000000000
XMM[11]=0x0000000000000000 0x0000000000000000
XMM[12]=0x0000000000000000 0x0000000000000000
XMM[13]=0x0000000000000000 0x0000000000000000
XMM[14]=0x0000000000000000 0x0000000000000000
XMM[15]=0x0000000000000000 0x0000000000000000
  MXCSR=0x00001fa0


Register to memory mapping:

RAX=0x1ffffffff8f6cc15 is an unknown value
RBX=0x0000000087b664a8 is an unknown value
RCX=0x0000000000000015 is an unknown value
RDX=0x000001c7fa560000 points into unknown readable memory: 0x2a49280050000009 | 09 00 00 50 00 28 49 2a
RSP=0x00000010680ffa40 points into unknown readable memory: 0x00007ff84a99b460 | 60 b4 99 4a f8 7f 00 00
RBP=0x00000010680ffaf0 points into unknown readable memory: 0x00007ff84a99b460 | 60 b4 99 4a f8 7f 00 00
RSI=0x00000000c7b664a8 is an oop: java.lang.ref.SoftReference 
{0x00000000c7b664a8} - klass: 'java/lang/ref/SoftReference'
 - ---- fields (total size 5 words):
 - private 'referent' 'Ljava/lang/Object;' @12  [B{0x00000000c7b664d0} (0xc7b664d0)
 - volatile 'queue' 'Ljava/lang/ref/ReferenceQueue;' @16  a 'java/lang/ref/ReferenceQueue$Null'{0x00000000c00014a8} (0xc00014a8)
 - volatile 'next' 'Ljava/lang/ref/Reference;' @20  null (0x00000000)
 - private transient 'discovered' 'Ljava/lang/ref/Reference;' @24  null (0x00000000)
 - private 'timestamp' 'J' @32  124447308 (0x00000000076aea4c)
RDI=0x000001c7fc6df2e0 points into unknown readable memory: 0x000001c7f742a810 | 10 a8 42 f7 c7 01 00 00
R8 =0x007fffffffe3db32 is an unknown value
R9 =0x0000000000000002 is an unknown value
R10=0x000000000000003f is an unknown value
R11=0x0000000000000004 is an unknown value
R12=0x00007ff84ab48140 jvm.dll
R13=0x00000010682fe790 points into unknown readable memory: 0x00007ff84a99bec0 | c0 be 99 4a f8 7f 00 00
R14=0x000001c7905f4630 is a pointer to class: 
org.eclipse.jdt.internal.compiler.util.SoftClassCache$JdkClasses$$Lambda/0x000001c7905f4630 {0x000001c7905f4638}
 - instance size:     2
 - klass size:        70
 - access:            final synchronized synthetic 
 - flags:             rewritten should_verify_class has_nonstatic_concrete_methods has_miranda_methods has_vanilla_constructor has_resolved_methods 
 - state:             fully_initialized
 - name:              'org/eclipse/jdt/internal/compiler/util/SoftClassCache$JdkClasses$$Lambda+0x000001c7905f4630'
 - super:             'java/lang/Object'
 - sub:               
 - arrays:            null
 - methods:           Array<T>(0x000001c7d2db8d40)
 - method ordering:   Array<T>(0x000001c78fa7f568)
 - default_methods:   Array<T>(0x000001c7d2db8eb0)
 - default vtable indices:   Array<T>(0x000001c7d2db8ec8)
 - local interfaces:  Array<T>(0x000001c7d2db8d30)
 - trans. interfaces: Array<T>(0x000001c7d2db8d30)
 - constants:         constant pool [22] {0x000001c7d2db8c10} for 'org/eclipse/jdt/internal/compiler/util/SoftClassCache$JdkClasses$$Lambda+0x000001c7905f4630' cache=0x000001c7d2db8ed8
 - class loader data:  loader data: 0x000001c7fe737170 for instance a 'org/eclipse/osgi/internal/loader/EquinoxClassLoader'{0x00000000c025f448}
 - inner classes:     Array<T>(0x000001c78f611550)
 - nest members:     Array<T>(0x000001c78f611550)
 - permitted subclasses:     Array<T>(0x000001c78f611550)
 - java mirror:       a 'java/lang/Class'{0x00000000c1a94698} = 'org/eclipse/jdt/internal/compiler/util/SoftClassCache$JdkClasses$$Lambda+0x000001c7905f4630'
 - vtable length      7  (start addr: 0x000001c7905f47f0)
 - itable length      7 (start addr: 0x000001c7905f4828)
 - ---- static fields (0 words):
 - ---- non-static fields (0 words):
 - non-static oop maps: 
R15=0x00000000c7b66490 is an oop: org.eclipse.jdt.internal.compiler.util.SoftClassCache$ClassBytes 
{0x00000000c7b66490} - klass: 'org/eclipse/jdt/internal/compiler/util/SoftClassCache$ClassBytes'
 - ---- fields (total size 3 words):
 - private volatile 'empty' 'Z' @12  false (0x00)
 - private final 'path' 'Ljava/nio/file/Path;' @16  a 'jdk/internal/jrtfs/JrtPath'{0x00000000c7b66408} (0xc7b66408)
 - private volatile 'bytes' 'Ljava/lang/ref/SoftReference;' @20  
[error occurred during error reporting (printing register info), id 0xc0000005, EXCEPTION_ACCESS_VIOLATION (0xc0000005) at pc=0x00007ff84a5c927d]

Top of Stack: (sp=0x00000010680ffa40)
0x00000010680ffa40:   00007ff84a99b460 0000000000000000
0x00000010680ffa50:   00000000c8cf99b0 00007ff84a5e942d
0x00000010680ffa60:   000001c7905f4628 00007ff84a5e879e
0x00000010680ffa70:   00000000c7b664a4 0003000300030003
0x00000010680ffa80:   0000000000000000 00007ff84ab48140
0x00000010680ffa90:   00007ff84a99b460 0000000000000000
0x00000010680ffaa0:   00000000c7b66490 00007ff84a613233
0x00000010680ffab0:   00000000000007bd 000001c7fc6df2e0
0x00000010680ffac0:   00007ff84a8fa4e0 000001c7f737e478
0x00000010680ffad0:   00000000000003d8 0000000000000000
0x00000010680ffae0:   000001c7f737e090 00007ff84a612928
0x00000010680ffaf0:   00007ff84a99b460 000001c7f736f6f0
0x00000010680ffb00:   000001c700000004 000001c7fc6df2e0
0x00000010680ffb10:   00007ff84a99b460 0000000000000000
0x00000010680ffb20:   00007ff84ab48140 0000000000000000
0x00000010680ffb30:   00000010682fe8d0 00007ff84a612928
0x00000010680ffb40:   00000000c98825c8 0000000000003800
0x00000010680ffb50:   000001c7fc6df2e0 000001c7fc6df2e0
0x00000010680ffb60:   00007ff84a99b460 0000000000000000
0x00000010680ffb70:   0000000000000000 0000000000000000
0x00000010680ffb80:   0000000000000007 00007ff84a6199cb
0x00000010680ffb90:   0000000000000005 00000010682fe8d0
0x00000010680ffba0:   000001c7fc6df2e0 0000000000000005
0x00000010680ffbb0:   00000000c98825c8 0000000000003000
0x00000010680ffbc0:   000001c7ffaccef0 0000000000000538
0x00000010680ffbd0:   000001c7f738c960 000001c7fc6df2e0
0x00000010680ffbe0:   0000000000000070 000001c7f736f000
0x00000010680ffbf0:   000001c7fc6df2e0 000001c7f738c960
0x00000010680ffc00:   0000000000000007 00007ff84a61a80c
0x00000010680ffc10:   0000000000000005 00000010682fe898
0x00000010680ffc20:   0000000000000000 0000000000000005
0x00000010680ffc30:   0000001000000007 00007ff84a99bcd0 

Instructions: (pc=0x00007ff84a5e7ed4)
0x00007ff84a5e7dd4:   84 9a 00 00 00 48 8b 15 40 b2 5d 00 48 8b c3 8b
0x00007ff84a5e7de4:   0d 43 23 55 00 48 2b 02 48 8b 52 10 48 c1 e8 03
0x00007ff84a5e7df4:   48 d3 e8 4c 8b c0 24 3f 49 c1 e8 06 0f b6 c8 4a
0x00007ff84a5e7e04:   8b 04 c2 48 0f a3 c8 72 66 48 8b cb e8 9b 28 00
0x00007ff84a5e7e14:   00 84 c0 74 5a 48 8b d3 48 8b cf e8 ac 2a 00 00
0x00007ff84a5e7e24:   80 3d 66 c2 5d 00 00 74 46 80 3d ee 27 55 00 00
0x00007ff84a5e7e34:   74 15 8b 43 08 8b 0d 79 11 55 00 48 d3 e0 48 03
0x00007ff84a5e7e44:   05 67 11 55 00 eb 04 48 8b 43 08 48 3b 05 e2 ac
0x00007ff84a5e7e54:   5f 00 75 1b 48 8b cb e8 90 23 00 00 84 c0 74 0f
0x00007ff84a5e7e64:   48 8d 8f 80 08 00 00 48 8b d3 e8 ad fd 0c 00 48
0x00007ff84a5e7e74:   8b 5c 24 30 48 83 c4 20 5f c3 cc cc 40 57 48 83
0x00007ff84a5e7e84:   ec 20 8b 02 48 8b f9 85 c0 0f 84 bb 00 00 00 8b
0x00007ff84a5e7e94:   0d 0f 11 55 00 48 8b 15 80 b1 5d 00 48 89 5c 24
0x00007ff84a5e7ea4:   30 8b d8 48 d3 e3 48 03 1d ef 10 55 00 8b 0d 75
0x00007ff84a5e7eb4:   22 55 00 48 8b c3 48 2b 02 48 8b 52 10 48 c1 e8
0x00007ff84a5e7ec4:   03 48 d3 e8 4c 8b c0 24 3f 49 c1 e8 06 0f b6 c8
0x00007ff84a5e7ed4:   4a 8b 04 c2 48 0f a3 c8 72 6b 48 8b cb e8 ca 27
0x00007ff84a5e7ee4:   00 00 84 c0 74 5f 48 8b d3 48 8b cf e8 db 29 00
0x00007ff84a5e7ef4:   00 80 3d 95 c1 5d 00 00 74 4b 48 85 db 74 46 80
0x00007ff84a5e7f04:   3d 18 27 55 00 00 74 15 8b 43 08 8b 0d a3 10 55
0x00007ff84a5e7f14:   00 48 d3 e0 48 03 05 91 10 55 00 eb 04 48 8b 43
0x00007ff84a5e7f24:   08 48 3b 05 0c ac 5f 00 75 1b 48 8b cb e8 ba 22
0x00007ff84a5e7f34:   00 00 84 c0 74 0f 48 8d 8f 80 08 00 00 48 8b d3
0x00007ff84a5e7f44:   e8 d7 fc 0c 00 48 8b 5c 24 30 48 83 c4 20 5f c3
0x00007ff84a5e7f54:   cc cc cc cc cc cc cc cc cc cc cc cc 48 89 5c 24
0x00007ff84a5e7f64:   18 56 57 41 55 41 56 41 57 48 83 ec 20 4c 63 91
0x00007ff84a5e7f74:   a0 00 00 00 4d 8b f0 4c 63 89 14 01 00 00 49 83
0x00007ff84a5e7f84:   c2 38 8b 81 10 01 00 00 4d 03 d1 48 89 6c 24 50
0x00007ff84a5e7f94:   49 03 c2 4c 89 64 24 58 4c 8b fa 4c 8b e9 4a 8d
0x00007ff84a5e7fa4:   2c d5 00 00 00 00 4c 8d 24 c5 00 00 00 00 48 03
0x00007ff84a5e7fb4:   e9 4c 03 e1 49 3b ec 73 4b 0f 1f 00 48 63 5d 00
0x00007ff84a5e7fc4:   8b 45 04 49 03 df 48 8d 34 c3 48 3b de 73 2c 48 


Stack slot to memory mapping:

stack at sp + 0 slots: 0x00007ff84a99b460 jvm.dll
stack at sp + 1 slots: 0x0 is null
stack at sp + 2 slots: 0x00000000c8cf99b0 is an oop: java.lang.ref.SoftReference 
{0x00000000c8cf99b0} - klass: 'java/lang/ref/SoftReference'
 - ---- fields (total size 5 words):
 - private 'referent' 'Ljava/lang/Object;' @12  [B{0x00000000c8cf99d8} (0xc8cf99d8)
 - volatile 'queue' 'Ljava/lang/ref/ReferenceQueue;' @16  a 'java/lang/ref/ReferenceQueue$Null'{0x00000000c00014a8} (0xc00014a8)
 - volatile 'next' 'Ljava/lang/ref/Reference;' @20  null (0x00000000)
 - private transient 'discovered' 'Ljava/lang/ref/Reference;' @24  a 'java/lang/ref/SoftReference'{0x00000000c5c16118} (0xc5c16118)
 - private 'timestamp' 'J' @32  124447897 (0x00000000076aec99)
stack at sp + 3 slots: 0x00007ff84a5e942d jvm.dll
stack at sp + 4 slots: 0x000001c7905f4628 is pointing into metadata
stack at sp + 5 slots: 0x00007ff84a5e879e jvm.dll
stack at sp + 6 slots: 0x00000000c7b664a4 is pointing into object: org.eclipse.jdt.internal.compiler.util.SoftClassCache$ClassBytes 
{0x00000000c7b66490} - klass: 'org/eclipse/jdt/internal/compiler/util/SoftClassCache$ClassBytes'
 - ---- fields (total size 3 words):
 - private volatile 'empty' 'Z' @12  false (0x00)
 - private final 'path' 'Ljava/nio/file/Path;' @16  a 'jdk/internal/jrtfs/JrtPath'{0x00000000c7b66408} (0xc7b66408)
 - private volatile 'bytes' 'Ljava/lang/ref/SoftReference;' @20  
[error occurred during error reporting (inspecting top of stack), id 0xc0000005, EXCEPTION_ACCESS_VIOLATION (0xc0000005) at pc=0x00007ff84a5c927d]
stack at sp + 7 slots: 0x0003000300030003 is an unknown value


---------------  P R O C E S S  ---------------

Threads class SMR info:
_java_thread_list=0x000001c7d6d5b860, length=50, elements={
0x000001c7f736d040, 0x000001c7fc71ca20, 0x000001c7fc71fd00, 0x000001c7fc723860,
0x000001c7fc7244b0, 0x000001c7fc72e9f0, 0x000001c7fc737330, 0x000001c7fc73ea00,
0x000001c7fc73f820, 0x000001c7fe1cf1d0, 0x000001c7fe1d0c10, 0x000001c7fe1d12a0,
0x000001c7fe1cf860, 0x000001c7fe1d1930, 0x000001c7fe1d1fc0, 0x000001c7fe1cfef0,
0x000001c7fe1d0580, 0x000001c7fe2406c0, 0x000001c7fe241a70, 0x000001c7fe23ec80,
0x000001c7fe242790, 0x000001c7fe244ef0, 0x000001c7fe2441d0, 0x000001c7fe242e20,
0x000001c7fe245580, 0x000001c7fe244860, 0x000001c7fe245c10, 0x000001c7fe243b40,
0x000001c7d6bb47d0, 0x000001c7d6bb4e60, 0x000001c7d6bb54f0, 0x000001c7d6bb5b80,
0x000001c7d6bb6210, 0x000001c7d775b410, 0x000001c7d483dfb0, 0x000001c7d483ecd0,
0x000001c7d483f360, 0x000001c7d483c570, 0x000001c7d77599d0, 0x000001c7d775c7c0,
0x000001c7d775db70, 0x000001c7d775e200, 0x000001c7d6bb3ab0, 0x000001c7d6bb4140,
0x000001c7d6bb82e0, 0x000001c7d6bb8970, 0x000001c7fe23e5f0, 0x000001c7d4842e70,
0x000001c7d72640b0, 0x000001c7d7267e00
}

Java Threads: ( => current thread )
  0x000001c7f736d040 JavaThread "main"                              [_thread_blocked, id=21484, stack(0x0000001067f00000,0x0000001068000000) (1024K)]
  0x000001c7fc71ca20 JavaThread "Reference Handler"          daemon [_thread_blocked, id=17628, stack(0x0000001068300000,0x0000001068400000) (1024K)]
  0x000001c7fc71fd00 JavaThread "Finalizer"                  daemon [_thread_blocked, id=8760, stack(0x0000001068400000,0x0000001068500000) (1024K)]
  0x000001c7fc723860 JavaThread "Signal Dispatcher"          daemon [_thread_blocked, id=21460, stack(0x0000001068500000,0x0000001068600000) (1024K)]
  0x000001c7fc7244b0 JavaThread "Attach Listener"            daemon [_thread_blocked, id=7608, stack(0x0000001068600000,0x0000001068700000) (1024K)]
  0x000001c7fc72e9f0 JavaThread "Service Thread"             daemon [_thread_blocked, id=22728, stack(0x0000001068700000,0x0000001068800000) (1024K)]
  0x000001c7fc737330 JavaThread "Monitor Deflation Thread"   daemon [_thread_blocked, id=6036, stack(0x0000001068800000,0x0000001068900000) (1024K)]
  0x000001c7fc73ea00 JavaThread "C2 CompilerThread0"         daemon [_thread_blocked, id=13236, stack(0x0000001068900000,0x0000001068a00000) (1024K)]
  0x000001c7fc73f820 JavaThread "C1 CompilerThread0"         daemon [_thread_blocked, id=20264, stack(0x0000001068a00000,0x0000001068b00000) (1024K)]
  0x000001c7fe1cf1d0 JavaThread "Common-Cleaner"             daemon [_thread_blocked, id=8756, stack(0x0000001068b00000,0x0000001068c00000) (1024K)]
  0x000001c7fe1d0c10 JavaThread "Notification Thread"        daemon [_thread_blocked, id=20876, stack(0x0000001068d00000,0x0000001068e00000) (1024K)]
  0x000001c7fe1d12a0 JavaThread "Active Thread: Equinox Container: 866bc8e7-a962-4d44-8af8-49930306a1d1"        [_thread_blocked, id=20752, stack(0x0000001069500000,0x0000001069600000) (1024K)]
  0x000001c7fe1cf860 JavaThread "Refresh Thread: Equinox Container: 866bc8e7-a962-4d44-8af8-49930306a1d1" daemon [_thread_blocked, id=6080, stack(0x0000001068c00000,0x0000001068d00000) (1024K)]
  0x000001c7fe1d1930 JavaThread "Framework Event Dispatcher: Equinox Container: 866bc8e7-a962-4d44-8af8-49930306a1d1" daemon [_thread_blocked, id=23192, stack(0x0000001069600000,0x0000001069700000) (1024K)]
  0x000001c7fe1d1fc0 JavaThread "Start Level: Equinox Container: 866bc8e7-a962-4d44-8af8-49930306a1d1" daemon [_thread_blocked, id=18328, stack(0x0000001069700000,0x0000001069800000) (1024K)]
  0x000001c7fe1cfef0 JavaThread "Bundle File Closer"         daemon [_thread_blocked, id=17104, stack(0x0000001069900000,0x0000001069a00000) (1024K)]
  0x000001c7fe1d0580 JavaThread "SCR Component Actor"        daemon [_thread_blocked, id=20704, stack(0x0000001069800000,0x0000001069900000) (1024K)]
  0x000001c7fe2406c0 JavaThread "Worker-JM"                         [_thread_blocked, id=4128, stack(0x0000001069c00000,0x0000001069d00000) (1024K)]
  0x000001c7fe241a70 JavaThread "JNA Cleaner"                daemon [_thread_blocked, id=7280, stack(0x0000001069d00000,0x0000001069e00000) (1024K)]
  0x000001c7fe23ec80 JavaThread "Java indexing"              daemon [_thread_blocked, id=20032, stack(0x000000106a200000,0x000000106a300000) (1024K)]
  0x000001c7fe242790 JavaThread "Worker-3"                          [_thread_blocked, id=5532, stack(0x000000106a300000,0x000000106a400000) (1024K)]
  0x000001c7fe244ef0 JavaThread "Thread-2"                   daemon [_thread_in_native, id=13192, stack(0x000000106a800000,0x000000106a900000) (1024K)]
  0x000001c7fe2441d0 JavaThread "Thread-3"                   daemon [_thread_in_native, id=3308, stack(0x000000106a900000,0x000000106aa00000) (1024K)]
  0x000001c7fe242e20 JavaThread "Thread-4"                   daemon [_thread_in_native, id=22956, stack(0x000000106aa00000,0x000000106ab00000) (1024K)]
  0x000001c7fe245580 JavaThread "Thread-5"                   daemon [_thread_in_native, id=21348, stack(0x000000106ab00000,0x000000106ac00000) (1024K)]
  0x000001c7fe244860 JavaThread "Thread-6"                   daemon [_thread_in_native, id=2092, stack(0x000000106ac00000,0x000000106ad00000) (1024K)]
  0x000001c7fe245c10 JavaThread "Thread-7"                   daemon [_thread_in_native, id=21088, stack(0x000000106ad00000,0x000000106ae00000) (1024K)]
  0x000001c7fe243b40 JavaThread "Thread-8"                   daemon [_thread_in_native, id=11520, stack(0x000000106ae00000,0x000000106af00000) (1024K)]
  0x000001c7d6bb47d0 JavaThread "Thread-9"                   daemon [_thread_in_native, id=8068, stack(0x000000106af00000,0x000000106b000000) (1024K)]
  0x000001c7d6bb4e60 JavaThread "Thread-10"                  daemon [_thread_in_native, id=20572, stack(0x000000106b000000,0x000000106b100000) (1024K)]
  0x000001c7d6bb54f0 JavaThread "pool-2-thread-1"                   [_thread_blocked, id=10620, stack(0x000000106b100000,0x000000106b200000) (1024K)]
  0x000001c7d6bb5b80 JavaThread "WorkspaceEventsHandler"            [_thread_blocked, id=12840, stack(0x000000106b300000,0x000000106b400000) (1024K)]
  0x000001c7d6bb6210 JavaThread "pool-1-thread-1"                   [_thread_blocked, id=22848, stack(0x000000106b400000,0x000000106b500000) (1024K)]
  0x000001c7d775b410 JavaThread "Cleaner-0"                  daemon [_thread_blocked, id=15420, stack(0x000000106bd00000,0x000000106be00000) (1024K)]
  0x000001c7d483dfb0 JavaThread "ForkJoinPool.commonPool-worker-13" daemon [_thread_blocked, id=25564, stack(0x0000001067c00000,0x0000001067d00000) (1024K)]
  0x000001c7d483ecd0 JavaThread "ForkJoinPool.commonPool-worker-14" daemon [_thread_blocked, id=21132, stack(0x0000001067d00000,0x0000001067e00000) (1024K)]
  0x000001c7d483f360 JavaThread "ForkJoinPool.commonPool-worker-15" daemon [_thread_blocked, id=18024, stack(0x0000001067e00000,0x0000001067f00000) (1024K)]
  0x000001c7d483c570 JavaThread "ForkJoinPool.commonPool-worker-16" daemon [_thread_blocked, id=24888, stack(0x0000001069a00000,0x0000001069b00000) (1024K)]
  0x000001c7d77599d0 JavaThread "Java Debug Server"          daemon [_thread_in_native, id=21416, stack(0x0000001069e00000,0x0000001069f00000) (1024K)]
  0x000001c7d775c7c0 JavaThread "RxSchedulerPurge-1"         daemon [_thread_blocked, id=24268, stack(0x000000106a000000,0x000000106a100000) (1024K)]
  0x000001c7d775db70 JavaThread "RxCachedWorkerPoolEvictor-1" daemon [_thread_blocked, id=24336, stack(0x000000106a100000,0x000000106a200000) (1024K)]
  0x000001c7d775e200 JavaThread "Worker-8"                          [_thread_blocked, id=24460, stack(0x000000106a500000,0x000000106a600000) (1024K)]
  0x000001c7d6bb3ab0 JavaThread "ForkJoinPool.commonPool-worker-17" daemon [_thread_blocked, id=22380, stack(0x000000106a600000,0x000000106a700000) (1024K)]
  0x000001c7d6bb4140 JavaThread "Compiler Source File Reader" daemon [_thread_blocked, id=18600, stack(0x000000106a400000,0x000000106a500000) (1024K)]
  0x000001c7d6bb82e0 JavaThread "Compiler Source File Reader" daemon [_thread_blocked, id=18660, stack(0x000000106a700000,0x000000106a800000) (1024K)]
  0x000001c7d6bb8970 JavaThread "Compiler Source File Reader" daemon [_thread_blocked, id=21840, stack(0x000000106b200000,0x000000106b300000) (1024K)]
  0x000001c7fe23e5f0 JavaThread "Compiler Source File Reader" daemon [_thread_blocked, id=17536, stack(0x0000001069b00000,0x0000001069c00000) (1024K)]
  0x000001c7d4842e70 JavaThread "Compiler Source File Reader" daemon [_thread_blocked, id=20744, stack(0x000000106b700000,0x000000106b800000) (1024K)]
  0x000001c7d72640b0 JavaThread "C2 CompilerThread1"         daemon [_thread_blocked, id=22376, stack(0x0000001069f00000,0x000000106a000000) (1024K)]
  0x000001c7d7267e00 JavaThread "C2 CompilerThread2"         daemon [_thread_blocked, id=12260, stack(0x000000106b500000,0x000000106b600000) (1024K)]
Total: 50

Other Threads:
  0x000001c7fc702680 VMThread "VM Thread"                           [id=3728, stack(0x0000001068200000,0x0000001068300000) (1024K)]
  0x000001c7f73dba00 WatcherThread "VM Periodic Task Thread"        [id=16408, stack(0x0000001068100000,0x0000001068200000) (1024K)]
=>0x000001c7f738c1f0 WorkerThread "GC Thread#0"                     [id=20472, stack(0x0000001068000000,0x0000001068100000) (1024K)]
  0x000001c7fe4288b0 WorkerThread "GC Thread#1"                     [id=17580, stack(0x0000001068f00000,0x0000001069000000) (1024K)]
  0x000001c7fe427500 WorkerThread "GC Thread#2"                     [id=7836, stack(0x0000001069000000,0x0000001069100000) (1024K)]
  0x000001c7fe4278a0 WorkerThread "GC Thread#3"                     [id=17504, stack(0x0000001069100000,0x0000001069200000) (1024K)]
  0x000001c7fe427c40 WorkerThread "GC Thread#4"                     [id=9096, stack(0x0000001069200000,0x0000001069300000) (1024K)]
  0x000001c7fe427fe0 WorkerThread "GC Thread#5"                     [id=16076, stack(0x0000001069300000,0x0000001069400000) (1024K)]
  0x000001c7fed81fe0 WorkerThread "GC Thread#6"                     [id=15988, stack(0x0000001069400000,0x0000001069500000) (1024K)]
  0x000001c7fc7415e0 WorkerThread "GC Thread#7"                     [id=17752, stack(0x0000001068e00000,0x0000001068f00000) (1024K)]
Total: 10

Threads with active compile tasks:
C2 CompilerThread0  48177417 20638       4       org.eclipse.jdt.internal.compiler.lookup.LookupEnvironment::getTypeFromConstantPoolName (111 bytes)
C2 CompilerThread1  48177417 20589   !   4       lombok.eclipse.TransformEclipseAST::getAST (64 bytes)
C2 CompilerThread2  48177417 20624       4       org.eclipse.jdt.internal.compiler.parser.Scanner::internalScanIdentifierOrKeyword (5041 bytes)
Total: 3

VM state: at safepoint (normal execution)

VM Mutex/Monitor currently owned by a thread:  ([mutex/lock_event])
[0x00007ff84abbe308] Threads_lock - owner thread: 0x000001c7fc702680
[0x00007ff84abbe408] Heap_lock - owner thread: 0x000001c7fc73ea00

Heap address: 0x00000000c0000000, size: 1024 MB, Compressed Oops mode: 32-bit

CDS archive(s) mapped at: [0x000001c78f000000-0x000001c78fba0000-0x000001c78fba0000), size 12189696, SharedBaseAddress: 0x000001c78f000000, ArchiveRelocationMode: 1.
Compressed class space mapped at: 0x000001c790000000-0x000001c7d0000000, reserved size: 1073741824
Narrow klass base: 0x000001c78f000000, Narrow klass shift: 0, Narrow klass range: 0x100000000

GC Precious Log:
 CardTable entry size: 512
 CPUs: 8 total, 8 available
 Memory: 16265M
 Large Page Support: Disabled
 NUMA Support: Disabled
 Compressed Oops: Enabled (32-bit)
 Alignments: Space 512K, Generation 512K, Heap 2M
 Heap Min Capacity: 100M
 Heap Initial Capacity: 100M
 Heap Max Capacity: 1G
 Pre-touch: Disabled
 Parallel Workers: 8

Heap:
 PSYoungGen      total 5120K, used 608K [0x00000000eab00000, 0x00000000eb180000, 0x0000000100000000)
  eden space 3072K, 0% used [0x00000000eab00000,0x00000000eab00000,0x00000000eae00000)
  from space 2048K, 29% used [0x00000000eae00000,0x00000000eae98000,0x00000000eb000000)
  to   space 1536K, 0% used [0x00000000eb000000,0x00000000eb000000,0x00000000eb180000)
 ParOldGen       total 627200K, used 626846K [0x00000000c0000000, 0x00000000e6480000, 0x00000000eab00000)
  object space 627200K, 99% used [0x00000000c0000000,0x00000000e6427940,0x00000000e6480000)
 Metaspace       used 88364K, committed 90048K, reserved 1179648K
  class space    used 8879K, committed 9664K, reserved 1048576K

Card table byte_map: [0x000001c7f6d10000,0x000001c7f6f20000] _byte_map_base: 0x000001c7f6710000

Marking Bits: (ParMarkBitMap*) 0x00007ff84abc31f0
 Begin Bits: [0x000001c7fa560000, 0x000001c7fb560000)
 End Bits:   [0x000001c7fb560000, 0x000001c7fc560000)

Polling page: 0x000001c7f5180000

Metaspace:

Usage:
  Non-class:     77.62 MB used.
      Class:      8.67 MB used.
       Both:     86.29 MB used.

Virtual space:
  Non-class space:      128.00 MB reserved,      78.50 MB ( 61%) committed,  2 nodes.
      Class space:        1.00 GB reserved,       9.44 MB ( <1%) committed,  1 nodes.
             Both:        1.12 GB reserved,      87.94 MB (  8%) committed. 

Chunk freelists:
   Non-Class:  771.00 KB
       Class:  6.54 MB
        Both:  7.29 MB

MaxMetaspaceSize: unlimited
CompressedClassSpaceSize: 1.00 GB
Initial GC threshold: 21.00 MB
Current GC threshold: 126.81 MB
CDS: on
 - commit_granule_bytes: 65536.
 - commit_granule_words: 8192.
 - virtual_space_node_default_size: 8388608.
 - enlarge_chunks_in_place: 1.
 - use_allocation_guard: 0.


Internal statistics:

num_allocs_failed_limit: 9.
num_arena_births: 1558.
num_arena_deaths: 30.
num_vsnodes_births: 3.
num_vsnodes_deaths: 0.
num_space_committed: 1407.
num_space_uncommitted: 0.
num_chunks_returned_to_freelist: 44.
num_chunks_taken_from_freelist: 5705.
num_chunk_merges: 13.
num_chunk_splits: 3461.
num_chunks_enlarged: 1943.
num_inconsistent_stats: 0.

CodeHeap 'non-profiled nmethods': size=120000Kb used=20084Kb max_used=20084Kb free=99916Kb
 bounds [0x000001c787ad0000, 0x000001c788e70000, 0x000001c78f000000]
CodeHeap 'profiled nmethods': size=120000Kb used=49270Kb max_used=49270Kb free=70729Kb
 bounds [0x000001c780000000, 0x000001c783020000, 0x000001c787530000]
CodeHeap 'non-nmethods': size=5760Kb used=1555Kb max_used=1647Kb free=4204Kb
 bounds [0x000001c787530000, 0x000001c7877a0000, 0x000001c787ad0000]
 total_blobs=19786 nmethods=18926 adapters=761
 compilation: enabled
              stopped_count=0, restarted_count=0
 full_count=0

Compilation events (20 events):
Event: 48177.113 Thread 0x000001c7fc73f820 20628       3       org.eclipse.jdt.internal.compiler.parser.Parser::consumeReferenceType1 (25 bytes)
Event: 48177.113 Thread 0x000001c7fc73f820 nmethod 20628 0x000001c78300a510 code [0x000001c78300a6e0, 0x000001c78300a9b8]
Event: 48177.136 Thread 0x000001c7fc73f820 20630       2       java.lang.invoke.LambdaForm$MH/0x000001c79095d000::invoke (25 bytes)
Event: 48177.137 Thread 0x000001c7fc73f820 nmethod 20630 0x000001c78300ab10 code [0x000001c78300acc0, 0x000001c78300adf0]
Event: 48177.137 Thread 0x000001c7fc73f820 20631       2       org.eclipse.jdt.internal.compiler.parser.Parser::consumeEnhancedForStatementHeader (80 bytes)
Event: 48177.138 Thread 0x000001c7fc73f820 nmethod 20631 0x000001c78300af10 code [0x000001c78300b0c0, 0x000001c78300b2c8]
Event: 48177.138 Thread 0x000001c7fc73f820 20632       2       lombok.launch.PatchFixesHider$ValPortal::copyInitializationOfForEachIterable (16 bytes)
Event: 48177.146 Thread 0x000001c7fc73f820 nmethod 20632 0x000001c78300b490 code [0x000001c78300b880, 0x000001c78300c950]
Event: 48177.147 Thread 0x000001c7fc73f820 20633       2       org.eclipse.jdt.internal.compiler.parser.Parser::consumeEnhancedForStatement (74 bytes)
Event: 48177.148 Thread 0x000001c7fc73f820 nmethod 20633 0x000001c78300dd90 code [0x000001c78300df40, 0x000001c78300e198]
Event: 48177.148 Thread 0x000001c7fc73f820 20634   !   2       lombok.eclipse.agent.PatchValEclipse::copyInitializationOfForEachIterable (166 bytes)
Event: 48177.150 Thread 0x000001c7fc73f820 nmethod 20634 0x000001c78300e310 code [0x000001c78300e620, 0x000001c78300ee38]
Event: 48177.172 Thread 0x000001c7fc73f820 20640       3       org.eclipse.jdt.internal.compiler.lookup.MethodScope::checkAndSetModifiersForMethod (714 bytes)
Event: 48177.178 Thread 0x000001c7fc73ea00 nmethod 20627 0x000001c788e69f90 code [0x000001c788e6a360, 0x000001c788e6bca8]
Event: 48177.179 Thread 0x000001c7fc73ea00 20638       4       org.eclipse.jdt.internal.compiler.lookup.LookupEnvironment::getTypeFromConstantPoolName (111 bytes)
Event: 48177.181 Thread 0x000001c7fc73f820 nmethod 20640 0x000001c78300f690 code [0x000001c78300fbe0, 0x000001c783013880]
Event: 48177.186 Thread 0x000001c7fc73f820 20642       3       org.eclipse.jdt.internal.compiler.lookup.BlockScope::addSubscope (57 bytes)
Event: 48177.187 Thread 0x000001c7fc73f820 nmethod 20642 0x000001c783014b10 code [0x000001c783014ce0, 0x000001c783015110]
Event: 48177.201 Thread 0x000001c7fc73f820 20643   !   3       jdk.internal.math.FloatingDecimal::readJavaFormatString (826 bytes)
Event: 48177.214 Thread 0x000001c7fc73f820 nmethod 20643 0x000001c783015290 code [0x000001c783015b00, 0x000001c78301b2d0]

GC Heap History (20 events):
Event: 48177.049 GC heap after
{Heap after GC invocations=1321 (full 4):
 PSYoungGen      total 1536K, used 343K [0x00000000eab00000, 0x00000000eae80000, 0x0000000100000000)
  eden space 1024K, 0% used [0x00000000eab00000,0x00000000eab00000,0x00000000eac00000)
  from space 512K, 67% used [0x00000000eae00000,0x00000000eae55cb0,0x00000000eae80000)
  to   space 1024K, 0% used [0x00000000eac80000,0x00000000eac80000,0x00000000ead80000)
 ParOldGen       total 617984K, used 617717K [0x00000000c0000000, 0x00000000e5b80000, 0x00000000eab00000)
  object space 617984K, 99% used [0x00000000c0000000,0x00000000e5b3d788,0x00000000e5b80000)
 Metaspace       used 88361K, committed 90048K, reserved 1179648K
  class space    used 8879K, committed 9664K, reserved 1048576K
}
Event: 48177.056 GC heap before
{Heap before GC invocations=1322 (full 4):
 PSYoungGen      total 1536K, used 1364K [0x00000000eab00000, 0x00000000eae80000, 0x0000000100000000)
  eden space 1024K, 99% used [0x00000000eab00000,0x00000000eabff4b8,0x00000000eac00000)
  from space 512K, 67% used [0x00000000eae00000,0x00000000eae55cb0,0x00000000eae80000)
  to   space 1024K, 0% used [0x00000000eac80000,0x00000000eac80000,0x00000000ead80000)
 ParOldGen       total 617984K, used 617717K [0x00000000c0000000, 0x00000000e5b80000, 0x00000000eab00000)
  object space 617984K, 99% used [0x00000000c0000000,0x00000000e5b3d788,0x00000000e5b80000)
 Metaspace       used 88361K, committed 90048K, reserved 1179648K
  class space    used 8879K, committed 9664K, reserved 1048576K
}
Event: 48177.058 GC heap after
{Heap after GC invocations=1322 (full 4):
 PSYoungGen      total 2560K, used 956K [0x00000000eab00000, 0x00000000eaf80000, 0x0000000100000000)
  eden space 1536K, 0% used [0x00000000eab00000,0x00000000eab00000,0x00000000eac80000)
  from space 1024K, 93% used [0x00000000eac80000,0x00000000ead6f2a0,0x00000000ead80000)
  to   space 1536K, 0% used [0x00000000eae00000,0x00000000eae00000,0x00000000eaf80000)
 ParOldGen       total 617984K, used 617877K [0x00000000c0000000, 0x00000000e5b80000, 0x00000000eab00000)
  object space 617984K, 99% used [0x00000000c0000000,0x00000000e5b65788,0x00000000e5b80000)
 Metaspace       used 88361K, committed 90048K, reserved 1179648K
  class space    used 8879K, committed 9664K, reserved 1048576K
}
Event: 48177.066 GC heap before
{Heap before GC invocations=1323 (full 4):
 PSYoungGen      total 2560K, used 2114K [0x00000000eab00000, 0x00000000eaf80000, 0x0000000100000000)
  eden space 1536K, 75% used [0x00000000eab00000,0x00000000eac215b8,0x00000000eac80000)
  from space 1024K, 93% used [0x00000000eac80000,0x00000000ead6f2a0,0x00000000ead80000)
  to   space 1536K, 0% used [0x00000000eae00000,0x00000000eae00000,0x00000000eaf80000)
 ParOldGen       total 617984K, used 617877K [0x00000000c0000000, 0x00000000e5b80000, 0x00000000eab00000)
  object space 617984K, 99% used [0x00000000c0000000,0x00000000e5b65788,0x00000000e5b80000)
 Metaspace       used 88361K, committed 90048K, reserved 1179648K
  class space    used 8879K, committed 9664K, reserved 1048576K
}
Event: 48177.069 GC heap after
{Heap after GC invocations=1323 (full 4):
 PSYoungGen      total 3072K, used 707K [0x00000000eab00000, 0x00000000eaf00000, 0x0000000100000000)
  eden space 2048K, 0% used [0x00000000eab00000,0x00000000eab00000,0x00000000ead00000)
  from space 1024K, 69% used [0x00000000eae00000,0x00000000eaeb0e88,0x00000000eaf00000)
  to   space 1024K, 0% used [0x00000000ead00000,0x00000000ead00000,0x00000000eae00000)
 ParOldGen       total 619008K, used 618549K [0x00000000c0000000, 0x00000000e5c80000, 0x00000000eab00000)
  object space 619008K, 99% used [0x00000000c0000000,0x00000000e5c0d598,0x00000000e5c80000)
 Metaspace       used 88361K, committed 90048K, reserved 1179648K
  class space    used 8879K, committed 9664K, reserved 1048576K
}
Event: 48177.085 GC heap before
{Heap before GC invocations=1324 (full 4):
 PSYoungGen      total 3072K, used 2755K [0x00000000eab00000, 0x00000000eaf00000, 0x0000000100000000)
  eden space 2048K, 100% used [0x00000000eab00000,0x00000000ead00000,0x00000000ead00000)
  from space 1024K, 69% used [0x00000000eae00000,0x00000000eaeb0e88,0x00000000eaf00000)
  to   space 1024K, 0% used [0x00000000ead00000,0x00000000ead00000,0x00000000eae00000)
 ParOldGen       total 619008K, used 618549K [0x00000000c0000000, 0x00000000e5c80000, 0x00000000eab00000)
  object space 619008K, 99% used [0x00000000c0000000,0x00000000e5c0d598,0x00000000e5c80000)
 Metaspace       used 88362K, committed 90048K, reserved 1179648K
  class space    used 8879K, committed 9664K, reserved 1048576K
}
Event: 48177.088 GC heap after
{Heap after GC invocations=1324 (full 4):
 PSYoungGen      total 3072K, used 1002K [0x00000000eab00000, 0x00000000eb280000, 0x0000000100000000)
  eden space 2048K, 0% used [0x00000000eab00000,0x00000000eab00000,0x00000000ead00000)
  from space 1024K, 97% used [0x00000000ead00000,0x00000000eadfaa18,0x00000000eae00000)
  to   space 2560K, 0% used [0x00000000eb000000,0x00000000eb000000,0x00000000eb280000)
 ParOldGen       total 619520K, used 619466K [0x00000000c0000000, 0x00000000e5d00000, 0x00000000eab00000)
  object space 619520K, 99% used [0x00000000c0000000,0x00000000e5cf29c0,0x00000000e5d00000)
 Metaspace       used 88362K, committed 90048K, reserved 1179648K
  class space    used 8879K, committed 9664K, reserved 1048576K
}
Event: 48177.106 GC heap before
{Heap before GC invocations=1325 (full 4):
 PSYoungGen      total 3072K, used 3050K [0x00000000eab00000, 0x00000000eb280000, 0x0000000100000000)
  eden space 2048K, 100% used [0x00000000eab00000,0x00000000ead00000,0x00000000ead00000)
  from space 1024K, 97% used [0x00000000ead00000,0x00000000eadfaa18,0x00000000eae00000)
  to   space 2560K, 0% used [0x00000000eb000000,0x00000000eb000000,0x00000000eb280000)
 ParOldGen       total 619520K, used 619466K [0x00000000c0000000, 0x00000000e5d00000, 0x00000000eab00000)
  object space 619520K, 99% used [0x00000000c0000000,0x00000000e5cf29c0,0x00000000e5d00000)
 Metaspace       used 88362K, committed 90048K, reserved 1179648K
  class space    used 8879K, committed 9664K, reserved 1048576K
}
Event: 48177.111 GC heap after
{Heap after GC invocations=1325 (full 4):
 PSYoungGen      total 4096K, used 1216K [0x00000000eab00000, 0x00000000eb180000, 0x0000000100000000)
  eden space 2560K, 0% used [0x00000000eab00000,0x00000000eab00000,0x00000000ead80000)
  from space 1536K, 79% used [0x00000000eb000000,0x00000000eb130250,0x00000000eb180000)
  to   space 1536K, 0% used [0x00000000eae80000,0x00000000eae80000,0x00000000eb000000)
 ParOldGen       total 622080K, used 621661K [0x00000000c0000000, 0x00000000e5f80000, 0x00000000eab00000)
  object space 622080K, 99% used [0x00000000c0000000,0x00000000e5f177f8,0x00000000e5f80000)
 Metaspace       used 88362K, committed 90048K, reserved 1179648K
  class space    used 8879K, committed 9664K, reserved 1048576K
}
Event: 48177.140 GC heap before
{Heap before GC invocations=1326 (full 4):
 PSYoungGen      total 4096K, used 3776K [0x00000000eab00000, 0x00000000eb180000, 0x0000000100000000)
  eden space 2560K, 100% used [0x00000000eab00000,0x00000000ead80000,0x00000000ead80000)
  from space 1536K, 79% used [0x00000000eb000000,0x00000000eb130250,0x00000000eb180000)
  to   space 1536K, 0% used [0x00000000eae80000,0x00000000eae80000,0x00000000eb000000)
 ParOldGen       total 622080K, used 621661K [0x00000000c0000000, 0x00000000e5f80000, 0x00000000eab00000)
  object space 622080K, 99% used [0x00000000c0000000,0x00000000e5f177f8,0x00000000e5f80000)
 Metaspace       used 88364K, committed 90048K, reserved 1179648K
  class space    used 8879K, committed 9664K, reserved 1048576K
}
Event: 48177.143 GC heap after
{Heap after GC invocations=1326 (full 4):
 PSYoungGen      total 4096K, used 1520K [0x00000000eab00000, 0x00000000eb380000, 0x0000000100000000)
  eden space 2560K, 0% used [0x00000000eab00000,0x00000000eab00000,0x00000000ead80000)
  from space 1536K, 98% used [0x00000000eae80000,0x00000000eaffc178,0x00000000eb000000)
  to   space 3072K, 0% used [0x00000000eb080000,0x00000000eb080000,0x00000000eb380000)
 ParOldGen       total 623104K, used 622866K [0x00000000c0000000, 0x00000000e6080000, 0x00000000eab00000)
  object space 623104K, 99% used [0x00000000c0000000,0x00000000e6044a58,0x00000000e6080000)
 Metaspace       used 88364K, committed 90048K, reserved 1179648K
  class space    used 8879K, committed 9664K, reserved 1048576K
}
Event: 48177.155 GC heap before
{Heap before GC invocations=1327 (full 4):
 PSYoungGen      total 4096K, used 4080K [0x00000000eab00000, 0x00000000eb380000, 0x0000000100000000)
  eden space 2560K, 100% used [0x00000000eab00000,0x00000000ead80000,0x00000000ead80000)
  from space 1536K, 98% used [0x00000000eae80000,0x00000000eaffc178,0x00000000eb000000)
  to   space 3072K, 0% used [0x00000000eb080000,0x00000000eb080000,0x00000000eb380000)
 ParOldGen       total 623104K, used 622866K [0x00000000c0000000, 0x00000000e6080000, 0x00000000eab00000)
  object space 623104K, 99% used [0x00000000c0000000,0x00000000e6044a58,0x00000000e6080000)
 Metaspace       used 88364K, committed 90048K, reserved 1179648K
  class space    used 8879K, committed 9664K, reserved 1048576K
}
Event: 48177.159 GC heap after
{Heap after GC invocations=1327 (full 4):
 PSYoungGen      total 4096K, used 768K [0x00000000eab00000, 0x00000000eb180000, 0x0000000100000000)
  eden space 3072K, 0% used [0x00000000eab00000,0x00000000eab00000,0x00000000eae00000)
  from space 1024K, 75% used [0x00000000eb080000,0x00000000eb140000,0x00000000eb180000)
  to   space 1536K, 0% used [0x00000000eae80000,0x00000000eae80000,0x00000000eb000000)
 ParOldGen       total 624640K, used 624366K [0x00000000c0000000, 0x00000000e6200000, 0x00000000eab00000)
  object space 624640K, 99% used [0x00000000c0000000,0x00000000e61bba60,0x00000000e6200000)
 Metaspace       used 88364K, committed 90048K, reserved 1179648K
  class space    used 8879K, committed 9664K, reserved 1048576K
}
Event: 48177.173 GC heap before
{Heap before GC invocations=1328 (full 4):
 PSYoungGen      total 4096K, used 3840K [0x00000000eab00000, 0x00000000eb180000, 0x0000000100000000)
  eden space 3072K, 100% used [0x00000000eab00000,0x00000000eae00000,0x00000000eae00000)
  from space 1024K, 75% used [0x00000000eb080000,0x00000000eb140000,0x00000000eb180000)
  to   space 1536K, 0% used [0x00000000eae80000,0x00000000eae80000,0x00000000eb000000)
 ParOldGen       total 624640K, used 624366K [0x00000000c0000000, 0x00000000e6200000, 0x00000000eab00000)
  object space 624640K, 99% used [0x00000000c0000000,0x00000000e61bba60,0x00000000e6200000)
 Metaspace       used 88364K, committed 90048K, reserved 1179648K
  class space    used 8879K, committed 9664K, reserved 1048576K
}
Event: 48177.176 GC heap after
{Heap after GC invocations=1328 (full 4):
 PSYoungGen      total 5120K, used 736K [0x00000000eab00000, 0x00000000eb100000, 0x0000000100000000)
  eden space 3584K, 0% used [0x00000000eab00000,0x00000000eab00000,0x00000000eae80000)
  from space 1536K, 47% used [0x00000000eae80000,0x00000000eaf38000,0x00000000eb000000)
  to   space 1024K, 0% used [0x00000000eb000000,0x00000000eb000000,0x00000000eb100000)
 ParOldGen       total 625152K, used 624971K [0x00000000c0000000, 0x00000000e6280000, 0x00000000eab00000)
  object space 625152K, 99% used [0x00000000c0000000,0x00000000e6252e98,0x00000000e6280000)
 Metaspace       used 88364K, committed 90048K, reserved 1179648K
  class space    used 8879K, committed 9664K, reserved 1048576K
}
Event: 48177.196 GC heap before
{Heap before GC invocations=1329 (full 4):
 PSYoungGen      total 5120K, used 4320K [0x00000000eab00000, 0x00000000eb100000, 0x0000000100000000)
  eden space 3584K, 100% used [0x00000000eab00000,0x00000000eae80000,0x00000000eae80000)
  from space 1536K, 47% used [0x00000000eae80000,0x00000000eaf38000,0x00000000eb000000)
  to   space 1024K, 0% used [0x00000000eb000000,0x00000000eb000000,0x00000000eb100000)
 ParOldGen       total 625152K, used 624971K [0x00000000c0000000, 0x00000000e6280000, 0x00000000eab00000)
  object space 625152K, 99% used [0x00000000c0000000,0x00000000e6252e98,0x00000000e6280000)
 Metaspace       used 88364K, committed 90048K, reserved 1179648K
  class space    used 8879K, committed 9664K, reserved 1048576K
}
Event: 48177.199 GC heap after
{Heap after GC invocations=1329 (full 4):
 PSYoungGen      total 4096K, used 1024K [0x00000000eab00000, 0x00000000eb280000, 0x0000000100000000)
  eden space 3072K, 0% used [0x00000000eab00000,0x00000000eab00000,0x00000000eae00000)
  from space 1024K, 100% used [0x00000000eb000000,0x00000000eb100000,0x00000000eb100000)
  to   space 2048K, 0% used [0x00000000eae00000,0x00000000eae00000,0x00000000eb000000)
 ParOldGen       total 626176K, used 625795K [0x00000000c0000000, 0x00000000e6380000, 0x00000000eab00000)
  object space 626176K, 99% used [0x00000000c0000000,0x00000000e6320e98,0x00000000e6380000)
 Metaspace       used 88364K, committed 90048K, reserved 1179648K
  class space    used 8879K, committed 9664K, reserved 1048576K
}
Event: 48177.216 GC heap before
{Heap before GC invocations=1330 (full 4):
 PSYoungGen      total 4096K, used 3031K [0x00000000eab00000, 0x00000000eb280000, 0x0000000100000000)
  eden space 3072K, 65% used [0x00000000eab00000,0x00000000eacf5f00,0x00000000eae00000)
  from space 1024K, 100% used [0x00000000eb000000,0x00000000eb100000,0x00000000eb100000)
  to   space 2048K, 0% used [0x00000000eae00000,0x00000000eae00000,0x00000000eb000000)
 ParOldGen       total 626176K, used 625795K [0x00000000c0000000, 0x00000000e6380000, 0x00000000eab00000)
  object space 626176K, 99% used [0x00000000c0000000,0x00000000e6320e98,0x00000000e6380000)
 Metaspace       used 88364K, committed 90048K, reserved 1179648K
  class space    used 8879K, committed 9664K, reserved 1048576K
}
Event: 48177.220 GC heap after
{Heap after GC invocations=1330 (full 4):
 PSYoungGen      total 5120K, used 608K [0x00000000eab00000, 0x00000000eb180000, 0x0000000100000000)
  eden space 3072K, 0% used [0x00000000eab00000,0x00000000eab00000,0x00000000eae00000)
  from space 2048K, 29% used [0x00000000eae00000,0x00000000eae98000,0x00000000eb000000)
  to   space 1536K, 0% used [0x00000000eb000000,0x00000000eb000000,0x00000000eb180000)
 ParOldGen       total 627200K, used 626846K [0x00000000c0000000, 0x00000000e6480000, 0x00000000eab00000)
  object space 627200K, 99% used [0x00000000c0000000,0x00000000e6427940,0x00000000e6480000)
 Metaspace       used 88364K, committed 90048K, reserved 1179648K
  class space    used 8879K, committed 9664K, reserved 1048576K
}
Event: 48177.220 GC heap before
{Heap before GC invocations=1331 (full 5):
 PSYoungGen      total 5120K, used 608K [0x00000000eab00000, 0x00000000eb180000, 0x0000000100000000)
  eden space 3072K, 0% used [0x00000000eab00000,0x00000000eab00000,0x00000000eae00000)
  from space 2048K, 29% used [0x00000000eae00000,0x00000000eae98000,0x00000000eb000000)
  to   space 1536K, 0% used [0x00000000eb000000,0x00000000eb000000,0x00000000eb180000)
 ParOldGen       total 627200K, used 626846K [0x00000000c0000000, 0x00000000e6480000, 0x00000000eab00000)
  object space 627200K, 99% used [0x00000000c0000000,0x00000000e6427940,0x00000000e6480000)
 Metaspace       used 88364K, committed 90048K, reserved 1179648K
  class space    used 8879K, committed 9664K, reserved 1048576K
}

Dll operation events (12 events):
Event: 0.048 Loaded shared library c:\Users\Admin\.vscode\extensions\redhat.java-1.42.0-win32-x64\jre\21.0.7-win32-x86_64\bin\java.dll
Event: 0.213 Loaded shared library c:\Users\Admin\.vscode\extensions\redhat.java-1.42.0-win32-x64\jre\21.0.7-win32-x86_64\bin\zip.dll
Event: 0.363 Loaded shared library C:\Users\Admin\.vscode\extensions\redhat.java-1.42.0-win32-x64\jre\21.0.7-win32-x86_64\bin\instrument.dll
Event: 0.376 Loaded shared library C:\Users\Admin\.vscode\extensions\redhat.java-1.42.0-win32-x64\jre\21.0.7-win32-x86_64\bin\net.dll
Event: 0.379 Loaded shared library C:\Users\Admin\.vscode\extensions\redhat.java-1.42.0-win32-x64\jre\21.0.7-win32-x86_64\bin\nio.dll
Event: 0.390 Loaded shared library C:\Users\Admin\.vscode\extensions\redhat.java-1.42.0-win32-x64\jre\21.0.7-win32-x86_64\bin\zip.dll
Event: 0.422 Loaded shared library C:\Users\Admin\.vscode\extensions\redhat.java-1.42.0-win32-x64\jre\21.0.7-win32-x86_64\bin\jimage.dll
Event: 0.594 Loaded shared library c:\Users\Admin\.vscode\extensions\redhat.java-1.42.0-win32-x64\jre\21.0.7-win32-x86_64\bin\verify.dll
Event: 7.948 Loaded shared library C:\Users\Admin\AppData\Roaming\Code\User\globalStorage\redhat.java\1.42.0\config_win\org.eclipse.equinox.launcher\org.eclipse.equinox.launcher.win32.win32.x86_64_1.2.1300.v20250331-1702\eclipse_11911.dll
Event: 23.210 Loaded shared library C:\Users\Admin\AppData\Local\Temp\jna-63116079\jna8779226760085572772.dll
Event: 25.775 Loaded shared library C:\Users\Admin\.vscode\extensions\redhat.java-1.42.0-win32-x64\jre\21.0.7-win32-x86_64\bin\sunmscapi.dll
Event: 26.647 Loaded shared library C:\Users\Admin\.vscode\extensions\redhat.java-1.42.0-win32-x64\jre\21.0.7-win32-x86_64\bin\extnet.dll

Deoptimization events (20 events):
Event: 48177.019 Thread 0x000001c7d483f360 Uncommon trap: trap_request=0xffffff45 fr.pc=0x000001c788cce264 relative=0x0000000000001624
Event: 48177.019 Thread 0x000001c7d483f360 Uncommon trap: reason=unstable_if action=reinterpret pc=0x000001c788cce264 method=org.eclipse.jdt.internal.compiler.parser.ScannerHelper.getHexadecimalValue(C)I @ 1 c2
Event: 48177.019 Thread 0x000001c7d483f360 DEOPT PACKING pc=0x000001c788cce264 sp=0x0000001067efda10
Event: 48177.019 Thread 0x000001c7d483f360 DEOPT UNPACKING pc=0x000001c787583aa2 sp=0x0000001067efd960 mode 2
Event: 48177.019 Thread 0x000001c7d483f360 Uncommon trap: trap_request=0xffffff45 fr.pc=0x000001c788a6539c relative=0x000000000000013c
Event: 48177.019 Thread 0x000001c7d483f360 Uncommon trap: reason=unstable_if action=reinterpret pc=0x000001c788a6539c method=org.eclipse.jdt.internal.compiler.parser.ScannerHelper.getHexadecimalValue(C)I @ 1 c2
Event: 48177.019 Thread 0x000001c7d483f360 DEOPT PACKING pc=0x000001c788a6539c sp=0x0000001067efda00
Event: 48177.019 Thread 0x000001c7d483f360 DEOPT UNPACKING pc=0x000001c787583aa2 sp=0x0000001067efd990 mode 2
Event: 48177.031 Thread 0x000001c7d483f360 Uncommon trap: trap_request=0xffffffc6 fr.pc=0x000001c788c55454 relative=0x0000000000002bd4
Event: 48177.031 Thread 0x000001c7d483f360 Uncommon trap: reason=bimorphic_or_optimized_type_check action=maybe_recompile pc=0x000001c788c55454 method=org.eclipse.jdt.internal.compiler.parser.Parser.consumeRule(I)V @ 5958 c2
Event: 48177.031 Thread 0x000001c7d483f360 DEOPT PACKING pc=0x000001c788c55454 sp=0x0000001067efda60
Event: 48177.031 Thread 0x000001c7d483f360 DEOPT UNPACKING pc=0x000001c787583aa2 sp=0x0000001067efd9f0 mode 2
Event: 48177.051 Thread 0x000001c7d483f360 Uncommon trap: trap_request=0xffffff45 fr.pc=0x000001c788d9d9ac relative=0x000000000000238c
Event: 48177.051 Thread 0x000001c7d483f360 Uncommon trap: reason=unstable_if action=reinterpret pc=0x000001c788d9d9ac method=org.eclipse.jdt.internal.compiler.parser.Scanner.internalScanIdentifierOrKeyword(II[C)Lorg/eclipse/jdt/internal/compiler/parser/TerminalToken; @ 4265 c2
Event: 48177.051 Thread 0x000001c7d483f360 DEOPT PACKING pc=0x000001c788d9d9ac sp=0x0000001067efd650
Event: 48177.051 Thread 0x000001c7d483f360 DEOPT UNPACKING pc=0x000001c787583aa2 sp=0x0000001067efd5f0 mode 2
Event: 48177.166 Thread 0x000001c7d483f360 Uncommon trap: trap_request=0xffffffde fr.pc=0x000001c788dc0190 relative=0x0000000000003df0
Event: 48177.166 Thread 0x000001c7d483f360 Uncommon trap: reason=class_check action=maybe_recompile pc=0x000001c788dc0190 method=org.eclipse.jdt.internal.compiler.lookup.Scope.findMemberType([CLorg/eclipse/jdt/internal/compiler/lookup/ReferenceBinding;)Lorg/eclipse/jdt/internal/compiler/lookup/Ref
Event: 48177.166 Thread 0x000001c7d483f360 DEOPT PACKING pc=0x000001c788dc0190 sp=0x0000001067efd650
Event: 48177.166 Thread 0x000001c7d483f360 DEOPT UNPACKING pc=0x000001c787583aa2 sp=0x0000001067efd638 mode 2

Classes loaded (20 events):
Event: 47898.094 Loading class java/util/stream/ReferencePipeline$15$1
Event: 47898.094 Loading class java/util/stream/ReferencePipeline$15$1 done
Event: 47898.489 Loading class java/util/stream/LongStream
Event: 47898.490 Loading class java/util/stream/LongStream done
Event: 47898.490 Loading class java/util/stream/DoubleStream
Event: 47898.491 Loading class java/util/stream/DoubleStream done
Event: 47898.491 Loading class java/util/function/DoubleBinaryOperator
Event: 47898.491 Loading class java/util/function/DoubleBinaryOperator done
Event: 47898.491 Loading class java/util/function/IntBinaryOperator
Event: 47898.491 Loading class java/util/function/IntBinaryOperator done
Event: 47898.491 Loading class java/util/function/LongBinaryOperator
Event: 47898.491 Loading class java/util/function/LongBinaryOperator done
Event: 47898.491 Loading class java/util/function/IntToDoubleFunction
Event: 47898.491 Loading class java/util/function/IntToDoubleFunction done
Event: 47898.491 Loading class java/util/function/IntToLongFunction
Event: 47898.491 Loading class java/util/function/IntToLongFunction done
Event: 47898.494 Loading class java/util/HashMap$EntrySpliterator
Event: 47898.494 Loading class java/util/HashMap$EntrySpliterator done
Event: 48176.397 Loading class jdk/internal/math/FDBigInteger
Event: 48176.398 Loading class jdk/internal/math/FDBigInteger done

Classes unloaded (15 events):
Event: 24.001 Thread 0x000001c7fc702680 Unloading class 0x000001c7901a3c00 'java/lang/invoke/LambdaForm$MH+0x000001c7901a3c00'
Event: 24.001 Thread 0x000001c7fc702680 Unloading class 0x000001c7901a3800 'java/lang/invoke/LambdaForm$MH+0x000001c7901a3800'
Event: 24.001 Thread 0x000001c7fc702680 Unloading class 0x000001c7901a3400 'java/lang/invoke/LambdaForm$MH+0x000001c7901a3400'
Event: 24.001 Thread 0x000001c7fc702680 Unloading class 0x000001c7901a3000 'java/lang/invoke/LambdaForm$MH+0x000001c7901a3000'
Event: 24.001 Thread 0x000001c7fc702680 Unloading class 0x000001c7901a2c00 'java/lang/invoke/LambdaForm$BMH+0x000001c7901a2c00'
Event: 24.001 Thread 0x000001c7fc702680 Unloading class 0x000001c7901a2800 'java/lang/invoke/LambdaForm$DMH+0x000001c7901a2800'
Event: 24.001 Thread 0x000001c7fc702680 Unloading class 0x000001c7901a1400 'java/lang/invoke/LambdaForm$DMH+0x000001c7901a1400'
Event: 26.059 Thread 0x000001c7fc702680 Unloading class 0x000001c79030d800 'java/lang/invoke/LambdaForm$MH+0x000001c79030d800'
Event: 26.059 Thread 0x000001c7fc702680 Unloading class 0x000001c79030d000 'java/lang/invoke/LambdaForm$MH+0x000001c79030d000'
Event: 26.059 Thread 0x000001c7fc702680 Unloading class 0x000001c79030c800 'java/lang/invoke/LambdaForm$MH+0x000001c79030c800'
Event: 26.059 Thread 0x000001c7fc702680 Unloading class 0x000001c79030c400 'java/lang/invoke/LambdaForm$DMH+0x000001c79030c400'
Event: 26.059 Thread 0x000001c7fc702680 Unloading class 0x000001c79030b800 'java/lang/invoke/LambdaForm$MH+0x000001c79030b800'
Event: 26.059 Thread 0x000001c7fc702680 Unloading class 0x000001c790303800 'java/lang/invoke/LambdaForm$MH+0x000001c790303800'
Event: 26.059 Thread 0x000001c7fc702680 Unloading class 0x000001c790303000 'java/lang/invoke/LambdaForm$MH+0x000001c790303000'
Event: 26.059 Thread 0x000001c7fc702680 Unloading class 0x000001c790302400 'java/lang/invoke/LambdaForm$MH+0x000001c790302400'

Classes redefined (0 events):
No events

Internal exceptions (20 events):
Event: 47866.873 Thread 0x000001c7d483c570 Implicit null exception at 0x000001c782013744 to 0x000001c782013eb4
Event: 47866.873 Thread 0x000001c7d483c570 Exception <a 'java/lang/NullPointerException'{0x00000000eab40710}> (0x00000000eab40710) 
thrown [s\src\hotspot\share\runtime\sharedRuntime.cpp, line 625]
Event: 47866.873 Thread 0x000001c7d483c570 Implicit null exception at 0x000001c782013744 to 0x000001c782013eb4
Event: 47866.873 Thread 0x000001c7d483c570 Exception <a 'java/lang/NullPointerException'{0x00000000eab409f0}> (0x00000000eab409f0) 
thrown [s\src\hotspot\share\runtime\sharedRuntime.cpp, line 625]
Event: 47866.873 Thread 0x000001c7d483c570 Implicit null exception at 0x000001c782013744 to 0x000001c782013eb4
Event: 47866.873 Thread 0x000001c7d483c570 Exception <a 'java/lang/NullPointerException'{0x00000000eab40d38}> (0x00000000eab40d38) 
thrown [s\src\hotspot\share\runtime\sharedRuntime.cpp, line 625]
Event: 47898.351 Thread 0x000001c7d483c570 Exception <a 'java/lang/NoSuchMethodError'{0x00000000eac8dec0}: 'int java.lang.invoke.DirectMethodHandle$Holder.invokeSpecial(java.lang.Object, java.lang.Object, java.lang.Object, java.lang.Object, java.lang.Object)'> (0x00000000eac8dec0) 
thrown [s\src\hotspot\share\interpreter\linkResolver.cpp, line 773]
Event: 47972.468 Thread 0x000001c7d6bb6210 Exception <a 'java/lang/IncompatibleClassChangeError'{0x00000000eacda3a8}: Found class java.lang.Object, but interface was expected> (0x00000000eacda3a8) 
thrown [s\src\hotspot\share\interpreter\linkResolver.cpp, line 840]
Event: 47973.817 Thread 0x000001c7fe23ec80 Exception <a 'sun/nio/fs/WindowsException'{0x00000000eac501a0}> (0x00000000eac501a0) 
thrown [s\src\hotspot\share\prims\jni.cpp, line 520]
Event: 47973.993 Thread 0x000001c7fe23ec80 Exception <a 'sun/nio/fs/WindowsException'{0x00000000eab6c5d8}> (0x00000000eab6c5d8) 
thrown [s\src\hotspot\share\prims\jni.cpp, line 520]
Event: 47974.010 Thread 0x000001c7d6bb6210 Implicit null exception at 0x000001c788740503 to 0x000001c788740b70
Event: 47974.699 Thread 0x000001c7d6bb6210 Exception <a 'java/lang/IncompatibleClassChangeError'{0x00000000eabd0b00}: Found class java.lang.Object, but interface was expected> (0x00000000eabd0b00) 
thrown [s\src\hotspot\share\interpreter\linkResolver.cpp, line 840]
Event: 47974.700 Thread 0x000001c7d6bb6210 Exception <a 'java/lang/IncompatibleClassChangeError'{0x00000000eabd4940}: Found class java.lang.Object, but interface was expected> (0x00000000eabd4940) 
thrown [s\src\hotspot\share\interpreter\linkResolver.cpp, line 840]
Event: 48036.701 Thread 0x000001c7d483f360 Exception <a 'java/lang/ClassNotFoundException'{0x00000000eab80fe8}: sun/net/www/protocol/jdt/Handler> (0x00000000eab80fe8) 
thrown [s\src\hotspot\share\classfile\systemDictionary.cpp, line 312]
Event: 48070.028 Thread 0x000001c7fe23ec80 Exception <a 'sun/nio/fs/WindowsException'{0x00000000eab85e58}> (0x00000000eab85e58) 
thrown [s\src\hotspot\share\prims\jni.cpp, line 520]
Event: 48070.119 Thread 0x000001c7fe23ec80 Exception <a 'sun/nio/fs/WindowsException'{0x00000000eab57c10}> (0x00000000eab57c10) 
thrown [s\src\hotspot\share\prims\jni.cpp, line 520]
Event: 48172.487 Thread 0x000001c7d483f360 Implicit null exception at 0x000001c788a13aa0 to 0x000001c788a13fc4
Event: 48172.726 Thread 0x000001c7d483f360 Implicit null exception at 0x000001c788a89533 to 0x000001c788a89885
Event: 48172.738 Thread 0x000001c7d483f360 Implicit null exception at 0x000001c788baadeb to 0x000001c788bab114
Event: 48173.344 Thread 0x000001c7d483f360 Implicit null exception at 0x000001c788bf5701 to 0x000001c788bf6144

ZGC Phase Switch (0 events):
No events

VM Operations (20 events):
Event: 48177.043 Executing VM operation: ParallelGCFailedAllocation (Allocation Failure) done
Event: 48177.046 Executing VM operation: ParallelGCFailedAllocation (Allocation Failure)
Event: 48177.049 Executing VM operation: ParallelGCFailedAllocation (Allocation Failure) done
Event: 48177.056 Executing VM operation: ParallelGCFailedAllocation (Allocation Failure)
Event: 48177.058 Executing VM operation: ParallelGCFailedAllocation (Allocation Failure) done
Event: 48177.066 Executing VM operation: ParallelGCFailedAllocation (Allocation Failure)
Event: 48177.069 Executing VM operation: ParallelGCFailedAllocation (Allocation Failure) done
Event: 48177.085 Executing VM operation: ParallelGCFailedAllocation (Allocation Failure)
Event: 48177.088 Executing VM operation: ParallelGCFailedAllocation (Allocation Failure) done
Event: 48177.106 Executing VM operation: ParallelGCFailedAllocation (Allocation Failure)
Event: 48177.111 Executing VM operation: ParallelGCFailedAllocation (Allocation Failure) done
Event: 48177.140 Executing VM operation: ParallelGCFailedAllocation (Allocation Failure)
Event: 48177.143 Executing VM operation: ParallelGCFailedAllocation (Allocation Failure) done
Event: 48177.155 Executing VM operation: ParallelGCFailedAllocation (Allocation Failure)
Event: 48177.159 Executing VM operation: ParallelGCFailedAllocation (Allocation Failure) done
Event: 48177.173 Executing VM operation: ParallelGCFailedAllocation (Allocation Failure)
Event: 48177.176 Executing VM operation: ParallelGCFailedAllocation (Allocation Failure) done
Event: 48177.196 Executing VM operation: ParallelGCFailedAllocation (Allocation Failure)
Event: 48177.199 Executing VM operation: ParallelGCFailedAllocation (Allocation Failure) done
Event: 48177.216 Executing VM operation: ParallelGCSystemGC (CodeCache GC Threshold)

Memory protections (0 events):
No events

Nmethod flushes (20 events):
Event: 81.585 Thread 0x000001c7fc702680 flushing  nmethod 0x000001c780da8490
Event: 81.585 Thread 0x000001c7fc702680 flushing  nmethod 0x000001c780da8b90
Event: 81.585 Thread 0x000001c7fc702680 flushing  nmethod 0x000001c780db2f90
Event: 81.585 Thread 0x000001c7fc702680 flushing  nmethod 0x000001c780db4d90
Event: 81.585 Thread 0x000001c7fc702680 flushing  nmethod 0x000001c780db7c10
Event: 81.585 Thread 0x000001c7fc702680 flushing  nmethod 0x000001c780db8f90
Event: 81.585 Thread 0x000001c7fc702680 flushing  nmethod 0x000001c780db9610
Event: 81.585 Thread 0x000001c7fc702680 flushing  nmethod 0x000001c780dbc310
Event: 81.585 Thread 0x000001c7fc702680 flushing  nmethod 0x000001c780dbcc10
Event: 81.585 Thread 0x000001c7fc702680 flushing  nmethod 0x000001c780dbdc90
Event: 81.585 Thread 0x000001c7fc702680 flushing  nmethod 0x000001c780deed10
Event: 81.585 Thread 0x000001c7fc702680 flushing  nmethod 0x000001c780e23290
Event: 81.585 Thread 0x000001c7fc702680 flushing  nmethod 0x000001c780e23690
Event: 81.585 Thread 0x000001c7fc702680 flushing  nmethod 0x000001c780e6a490
Event: 81.585 Thread 0x000001c7fc702680 flushing  nmethod 0x000001c780e70590
Event: 81.585 Thread 0x000001c7fc702680 flushing  nmethod 0x000001c780e8c790
Event: 81.585 Thread 0x000001c7fc702680 flushing  nmethod 0x000001c780ea9810
Event: 81.585 Thread 0x000001c7fc702680 flushing  nmethod 0x000001c780eb0990
Event: 81.585 Thread 0x000001c7fc702680 flushing  nmethod 0x000001c780ec1c90
Event: 81.585 Thread 0x000001c7fc702680 flushing  nmethod 0x000001c780ed8b10

Events (20 events):
Event: 48035.067 Thread 0x000001c7d6bb9d20 Thread exited: 0x000001c7d6bb9d20
Event: 48036.703 Thread 0x000001c7fc73f820 Thread added: 0x000001c7d7265bf0
Event: 48037.008 Thread 0x000001c7d7265bf0 Thread exited: 0x000001c7d7265bf0
Event: 48049.623 Thread 0x000001c7fc73f820 Thread added: 0x000001c7d72639e0
Event: 48049.999 Thread 0x000001c7d72639e0 Thread exited: 0x000001c7d72639e0
Event: 48057.352 Thread 0x000001c7d775e200 Thread added: 0x000001c7fe240d50
Event: 48057.364 Thread 0x000001c7fe240d50 Thread exited: 0x000001c7fe240d50
Event: 48063.959 Thread 0x000001c7d4842e70 Thread exited: 0x000001c7d4842e70
Event: 48070.111 Thread 0x000001c7d775e200 Thread added: 0x000001c7fe23e5f0
Event: 48070.113 Thread 0x000001c7d775e200 Thread added: 0x000001c7fe2434b0
Event: 48070.121 Thread 0x000001c7fe242790 Thread added: 0x000001c7fe240d50
Event: 48070.216 Thread 0x000001c7fe240d50 Thread added: 0x000001c7fe2413e0
Event: 48071.267 Thread 0x000001c7d775e200 Thread added: 0x000001c7d4842e70
Event: 48131.281 Thread 0x000001c7fe2434b0 Thread exited: 0x000001c7fe2434b0
Event: 48131.767 Thread 0x000001c7fe2413e0 Thread exited: 0x000001c7fe2413e0
Event: 48131.784 Thread 0x000001c7fe240d50 Thread exited: 0x000001c7fe240d50
Event: 48140.604 Thread 0x000001c7fc73ea00 Thread added: 0x000001c7d72640b0
Event: 48141.415 Thread 0x000001c7d72640b0 Thread exited: 0x000001c7d72640b0
Event: 48172.513 Thread 0x000001c7fc73ea00 Thread added: 0x000001c7d72640b0
Event: 48172.605 Thread 0x000001c7fc73f820 Thread added: 0x000001c7d7267e00


Dynamic libraries:
0x00007ff6c81d0000 - 0x00007ff6c81de000 	c:\Users\Admin\.vscode\extensions\redhat.java-1.42.0-win32-x64\jre\21.0.7-win32-x86_64\bin\java.exe
0x00007ff8f55a0000 - 0x00007ff8f5806000 	C:\WINDOWS\SYSTEM32\ntdll.dll
0x00007ff8f3980000 - 0x00007ff8f3a49000 	C:\WINDOWS\System32\KERNEL32.DLL
0x00007ff8f2cd0000 - 0x00007ff8f309c000 	C:\WINDOWS\System32\KERNELBASE.dll
0x00007ff8f2b80000 - 0x00007ff8f2ccb000 	C:\WINDOWS\System32\ucrtbase.dll
0x00007ff8c8120000 - 0x00007ff8c813e000 	c:\Users\Admin\.vscode\extensions\redhat.java-1.42.0-win32-x64\jre\21.0.7-win32-x86_64\bin\VCRUNTIME140.dll
0x00007ff8c8310000 - 0x00007ff8c8328000 	c:\Users\Admin\.vscode\extensions\redhat.java-1.42.0-win32-x64\jre\21.0.7-win32-x86_64\bin\jli.dll
0x00007ff8f5350000 - 0x00007ff8f551a000 	C:\WINDOWS\System32\USER32.dll
0x00007ff8f2b50000 - 0x00007ff8f2b77000 	C:\WINDOWS\System32\win32u.dll
0x00007ff8e09e0000 - 0x00007ff8e0c7a000 	C:\WINDOWS\WinSxS\amd64_microsoft.windows.common-controls_6595b64144ccf1df_6.0.26100.3912_none_3e07963ce335137e\COMCTL32.dll
0x00007ff8f5520000 - 0x00007ff8f554b000 	C:\WINDOWS\System32\GDI32.dll
0x00007ff8f4a00000 - 0x00007ff8f4aa9000 	C:\WINDOWS\System32\msvcrt.dll
0x00007ff8f2730000 - 0x00007ff8f2862000 	C:\WINDOWS\System32\gdi32full.dll
0x00007ff8f32b0000 - 0x00007ff8f3353000 	C:\WINDOWS\System32\msvcp_win.dll
0x00007ff8f4ff0000 - 0x00007ff8f5020000 	C:\WINDOWS\System32\IMM32.DLL
0x00007ff8c9fe0000 - 0x00007ff8c9fec000 	c:\Users\Admin\.vscode\extensions\redhat.java-1.42.0-win32-x64\jre\21.0.7-win32-x86_64\bin\vcruntime140_1.dll
0x00007ff8b82b0000 - 0x00007ff8b833d000 	c:\Users\Admin\.vscode\extensions\redhat.java-1.42.0-win32-x64\jre\21.0.7-win32-x86_64\bin\msvcp140.dll
0x00007ff849f10000 - 0x00007ff84aca0000 	c:\Users\Admin\.vscode\extensions\redhat.java-1.42.0-win32-x64\jre\21.0.7-win32-x86_64\bin\server\jvm.dll
0x00007ff8f3440000 - 0x00007ff8f34f2000 	C:\WINDOWS\System32\ADVAPI32.dll
0x00007ff8f3360000 - 0x00007ff8f3406000 	C:\WINDOWS\System32\sechost.dll
0x00007ff8f5230000 - 0x00007ff8f5346000 	C:\WINDOWS\System32\RPCRT4.dll
0x00007ff8f3900000 - 0x00007ff8f3974000 	C:\WINDOWS\System32\WS2_32.dll
0x00007ff8f1330000 - 0x00007ff8f138e000 	C:\WINDOWS\SYSTEM32\POWRPROF.dll
0x00007ff8ec420000 - 0x00007ff8ec42b000 	C:\WINDOWS\SYSTEM32\VERSION.dll
0x00007ff8e0e60000 - 0x00007ff8e0e96000 	C:\WINDOWS\SYSTEM32\WINMM.dll
0x00007ff8f1310000 - 0x00007ff8f1324000 	C:\WINDOWS\SYSTEM32\UMPDC.dll
0x00007ff8f15f0000 - 0x00007ff8f160a000 	C:\WINDOWS\SYSTEM32\kernel.appcore.dll
0x00007ff8c8030000 - 0x00007ff8c803a000 	c:\Users\Admin\.vscode\extensions\redhat.java-1.42.0-win32-x64\jre\21.0.7-win32-x86_64\bin\jimage.dll
0x00007ff8f0050000 - 0x00007ff8f0291000 	C:\WINDOWS\SYSTEM32\DBGHELP.DLL
0x00007ff8f4c60000 - 0x00007ff8f4fe4000 	C:\WINDOWS\System32\combase.dll
0x00007ff8f3810000 - 0x00007ff8f38f0000 	C:\WINDOWS\System32\OLEAUT32.dll
0x00007ff8dc2c0000 - 0x00007ff8dc2f9000 	C:\WINDOWS\SYSTEM32\dbgcore.DLL
0x00007ff8f2870000 - 0x00007ff8f2909000 	C:\WINDOWS\System32\bcryptPrimitives.dll
0x00007ff8c7ec0000 - 0x00007ff8c7ecf000 	c:\Users\Admin\.vscode\extensions\redhat.java-1.42.0-win32-x64\jre\21.0.7-win32-x86_64\bin\instrument.dll
0x00007ff8c7a70000 - 0x00007ff8c7a8f000 	c:\Users\Admin\.vscode\extensions\redhat.java-1.42.0-win32-x64\jre\21.0.7-win32-x86_64\bin\java.dll
0x00007ff8f3a50000 - 0x00007ff8f417d000 	C:\WINDOWS\System32\SHELL32.dll
0x00007ff8f2910000 - 0x00007ff8f2a84000 	C:\WINDOWS\System32\wintypes.dll
0x00007ff8f0380000 - 0x00007ff8f0bd6000 	C:\WINDOWS\SYSTEM32\windows.storage.dll
0x00007ff8f3500000 - 0x00007ff8f35ef000 	C:\WINDOWS\System32\SHCORE.dll
0x00007ff8f51c0000 - 0x00007ff8f5229000 	C:\WINDOWS\System32\shlwapi.dll
0x00007ff8f2640000 - 0x00007ff8f266f000 	C:\WINDOWS\SYSTEM32\profapi.dll
0x00007ff8c7620000 - 0x00007ff8c7638000 	c:\Users\Admin\.vscode\extensions\redhat.java-1.42.0-win32-x64\jre\21.0.7-win32-x86_64\bin\zip.dll
0x00007ff8c7ba0000 - 0x00007ff8c7bb0000 	C:\Users\Admin\.vscode\extensions\redhat.java-1.42.0-win32-x64\jre\21.0.7-win32-x86_64\bin\net.dll
0x00007ff8ead60000 - 0x00007ff8eae7e000 	C:\WINDOWS\SYSTEM32\WINHTTP.dll
0x00007ff8f1b80000 - 0x00007ff8f1bea000 	C:\WINDOWS\system32\mswsock.dll
0x00007ff8c7490000 - 0x00007ff8c74a6000 	C:\Users\Admin\.vscode\extensions\redhat.java-1.42.0-win32-x64\jre\21.0.7-win32-x86_64\bin\nio.dll
0x00007ff8c7610000 - 0x00007ff8c7620000 	c:\Users\Admin\.vscode\extensions\redhat.java-1.42.0-win32-x64\jre\21.0.7-win32-x86_64\bin\verify.dll
0x00007ff8b8930000 - 0x00007ff8b8975000 	C:\Users\Admin\AppData\Roaming\Code\User\globalStorage\redhat.java\1.42.0\config_win\org.eclipse.equinox.launcher\org.eclipse.equinox.launcher.win32.win32.x86_64_1.2.1300.v20250331-1702\eclipse_11911.dll
0x00007ff8f43c0000 - 0x00007ff8f455f000 	C:\WINDOWS\System32\ole32.dll
0x00007ff8f1e30000 - 0x00007ff8f1e4c000 	C:\WINDOWS\SYSTEM32\CRYPTSP.dll
0x00007ff8f1540000 - 0x00007ff8f157a000 	C:\WINDOWS\system32\rsaenh.dll
0x00007ff8f1c20000 - 0x00007ff8f1c4b000 	C:\WINDOWS\SYSTEM32\USERENV.dll
0x00007ff8f2610000 - 0x00007ff8f2636000 	C:\WINDOWS\SYSTEM32\bcrypt.dll
0x00007ff8f1e20000 - 0x00007ff8f1e2c000 	C:\WINDOWS\SYSTEM32\CRYPTBASE.dll
0x00007ff8f0f60000 - 0x00007ff8f0f93000 	C:\WINDOWS\SYSTEM32\IPHLPAPI.DLL
0x00007ff8f5550000 - 0x00007ff8f555a000 	C:\WINDOWS\System32\NSI.dll
0x00007ff8eaa10000 - 0x00007ff8eaa59000 	C:\Users\Admin\AppData\Local\Temp\jna-63116079\jna8779226760085572772.dll
0x00007ff8f4230000 - 0x00007ff8f4238000 	C:\WINDOWS\System32\PSAPI.DLL
0x00007ff8eb760000 - 0x00007ff8eb77f000 	C:\WINDOWS\SYSTEM32\dhcpcsvc6.DLL
0x00007ff8eb730000 - 0x00007ff8eb755000 	C:\WINDOWS\SYSTEM32\dhcpcsvc.DLL
0x00007ff8eaa00000 - 0x00007ff8eaa0e000 	C:\Users\Admin\.vscode\extensions\redhat.java-1.42.0-win32-x64\jre\21.0.7-win32-x86_64\bin\sunmscapi.dll
0x00007ff8f3130000 - 0x00007ff8f32a7000 	C:\WINDOWS\System32\CRYPT32.dll
0x00007ff8f2030000 - 0x00007ff8f2060000 	C:\WINDOWS\SYSTEM32\ncrypt.dll
0x00007ff8f1fe0000 - 0x00007ff8f201f000 	C:\WINDOWS\SYSTEM32\NTASN1.dll
0x00007ff8f0ff0000 - 0x00007ff8f1117000 	C:\WINDOWS\SYSTEM32\DNSAPI.dll
0x00007ff8e8720000 - 0x00007ff8e872b000 	C:\Windows\System32\rasadhlp.dll
0x00007ff8e9dd0000 - 0x00007ff8e9e56000 	C:\WINDOWS\System32\fwpuclnt.dll
0x00007ff8ea9f0000 - 0x00007ff8ea9f9000 	C:\Users\Admin\.vscode\extensions\redhat.java-1.42.0-win32-x64\jre\21.0.7-win32-x86_64\bin\extnet.dll

dbghelp: loaded successfully - version: 4.0.5 - missing functions: none
symbol engine: initialized successfully - sym options: 0x614 - pdb path: .;c:\Users\Admin\.vscode\extensions\redhat.java-1.42.0-win32-x64\jre\21.0.7-win32-x86_64\bin;C:\WINDOWS\SYSTEM32;C:\WINDOWS\WinSxS\amd64_microsoft.windows.common-controls_6595b64144ccf1df_6.0.26100.3912_none_3e07963ce335137e;c:\Users\Admin\.vscode\extensions\redhat.java-1.42.0-win32-x64\jre\21.0.7-win32-x86_64\bin\server;C:\Users\Admin\AppData\Roaming\Code\User\globalStorage\redhat.java\1.42.0\config_win\org.eclipse.equinox.launcher\org.eclipse.equinox.launcher.win32.win32.x86_64_1.2.1300.v20250331-1702;C:\Users\Admin\AppData\Local\Temp\jna-63116079

VM Arguments:
jvm_args: --add-modules=ALL-SYSTEM --add-opens=java.base/java.util=ALL-UNNAMED --add-opens=java.base/java.lang=ALL-UNNAMED --add-opens=java.base/sun.nio.fs=ALL-UNNAMED -Declipse.application=org.eclipse.jdt.ls.core.id1 -Dosgi.bundles.defaultStartLevel=4 -Declipse.product=org.eclipse.jdt.ls.core.product -Djava.import.generatesMetadataFilesAtProjectRoot=false -DDetectVMInstallationsJob.disabled=true -Dfile.encoding=utf8 -XX:+UseParallelGC -XX:GCTimeRatio=4 -XX:AdaptiveSizePolicyWeight=90 -Dsun.zip.disableMemoryMapping=true -Xmx1G -Xms100m -Xlog:disable -javaagent:c:\Users\Admin\.vscode\extensions\redhat.java-1.42.0-win32-x64\lombok\lombok-1.18.36.jar -XX:+HeapDumpOnOutOfMemoryError -XX:HeapDumpPath=c:\Users\Admin\AppData\Roaming\Code\User\workspaceStorage\6e10f92b730de6d10a0a96ad261c96c8\redhat.java -Daether.dependencyCollector.impl=bf 
java_command: c:\Users\Admin\.vscode\extensions\redhat.java-1.42.0-win32-x64\server\plugins\org.eclipse.equinox.launcher_1.7.0.v20250424-1814.jar -configuration c:\Users\Admin\AppData\Roaming\Code\User\globalStorage\redhat.java\1.42.0\config_win -data c:\Users\Admin\AppData\Roaming\Code\User\workspaceStorage\6e10f92b730de6d10a0a96ad261c96c8\redhat.java\jdt_ws --pipe=\\.\pipe\lsp-1ca25142c1a77fc4afa23c736137ed2f-sock
java_class_path (initial): c:\Users\Admin\.vscode\extensions\redhat.java-1.42.0-win32-x64\server\plugins\org.eclipse.equinox.launcher_1.7.0.v20250424-1814.jar
Launcher Type: SUN_STANDARD

[Global flags]
    uintx AdaptiveSizePolicyWeight                 = 90                                        {product} {command line}
     intx CICompilerCount                          = 4                                         {product} {ergonomic}
    uintx GCTimeRatio                              = 4                                         {product} {command line}
     bool HeapDumpOnOutOfMemoryError               = true                                   {manageable} {command line}
    ccstr HeapDumpPath                             = c:\Users\Admin\AppData\Roaming\Code\User\workspaceStorage\6e10f92b730de6d10a0a96ad261c96c8\redhat.java         {manageable} {command line}
   size_t InitialHeapSize                          = 104857600                                 {product} {command line}
   size_t MaxHeapSize                              = 1073741824                                {product} {command line}
   size_t MaxNewSize                               = 357564416                                 {product} {ergonomic}
   size_t MinHeapDeltaBytes                        = 524288                                    {product} {ergonomic}
   size_t MinHeapSize                              = 104857600                                 {product} {command line}
   size_t NewSize                                  = 34603008                                  {product} {ergonomic}
    uintx NonNMethodCodeHeapSize                   = 5839372                                {pd product} {ergonomic}
    uintx NonProfiledCodeHeapSize                  = 122909434                              {pd product} {ergonomic}
   size_t OldSize                                  = 70254592                                  {product} {ergonomic}
    uintx ProfiledCodeHeapSize                     = 122909434                              {pd product} {ergonomic}
    uintx ReservedCodeCacheSize                    = 251658240                              {pd product} {ergonomic}
     bool SegmentedCodeCache                       = true                                      {product} {ergonomic}
   size_t SoftMaxHeapSize                          = 1073741824                             {manageable} {ergonomic}
     bool UseCompressedOops                        = true                           {product lp64_product} {ergonomic}
     bool UseLargePagesIndividualAllocation        = false                                  {pd product} {ergonomic}
     bool UseParallelGC                            = true                                      {product} {command line}

Logging:
Log output configuration:
 #0: stdout all=off uptime,level,tags foldmultilines=false
 #1: stderr all=off uptime,level,tags foldmultilines=false

Environment Variables:
JAVA_HOME=C:\Users\Admin\.sdkman\candidates\java\current
CLASSPATH=C:\Users\Admin\Desktop\Core_Java_Sunbeam\java;.;
PATH=C:\Program Files\Java\jdk-11\bin;C:\Program Files\Common Files\Oracle\Java\javapath;C:\Python312\Scripts\;C:\Python312\;C:\WINDOWS\system32;C:\WINDOWS;C:\WINDOWS\System32\Wbem;C:\WINDOWS\System32\WindowsPowerShell\v1.0\;C:\WINDOWS\System32\OpenSSH\;C:\MinGW\bin;C:\Program Files\MySQL\MySQL Server 8.0\bin;C:\Program Files\Git\cmd;C:\ProgramData\chocolatey\bin;C:\Program Files\Microsoft SQL Server\150\Tools\Binn\;C:\Program Files\Microsoft SQL Server\Client SDK\ODBC\170\Tools\Binn\;C:\Program Files\dotnet\;C:\Program Files\MongoDB\Server\7.0\bin;C:\Program Files\Docker\Docker\resources\bin;C:\Program Files\PuTTY\;C:\Program Files\nodejs\;C:\Users\Admin\.sdkman\candidates\java\current\bin;C:\Users\Admin\.sdkman\ui;Edition%;C:\Users\Admin\.sdkman\candidates\java\current\bin;
USERNAME=Admin
OS=Windows_NT
PROCESSOR_IDENTIFIER=Intel64 Family 6 Model 142 Stepping 10, GenuineIntel
TMP=C:\Users\Admin\AppData\Local\Temp
TEMP=C:\Users\Admin\AppData\Local\Temp




Periodic native trim disabled

---------------  S Y S T E M  ---------------

OS:
 Windows 11 , 64 bit Build 26100 (10.0.26100.3912)
OS uptime: 1 days 23:55 hours
Hyper-V role detected

CPU: total 8 (initial active 8) (4 cores per cpu, 2 threads per core) family 6 model 142 stepping 10 microcode 0xe0, cx8, cmov, fxsr, ht, mmx, 3dnowpref, sse, sse2, sse3, ssse3, sse4.1, sse4.2, popcnt, lzcnt, tsc, tscinvbit, avx, avx2, aes, erms, clmul, bmi1, bmi2, adx, fma, vzeroupper, clflush, clflushopt, hv, rdtscp, f16c
Processor Information for the first 8 processors :
  Max Mhz: 1800, Current Mhz: 1600, Mhz Limit: 1584

Memory: 4k page, system-wide physical 16265M (2917M free)
TotalPageFile size 20879M (AvailPageFile size 1162M)
current process WorkingSet (physical memory assigned to process): 994M, peak: 1109M
current process commit charge ("private bytes"): 977M, peak: 993M

vm_info: OpenJDK 64-Bit Server VM (21.0.7+6-LTS) for windows-amd64 JRE (21.0.7+6-LTS), built on 2025-04-15T00:00:00Z by "admin" with MS VC++ 17.7 (VS2022)

END.
